Info: CustomCategory:custom_category: 76 mini seconds publishing element
Info: : 3193 mini-second(s) publishing element DeliveryProcess:Ciclo de Vida en V[UNE-EN50128_plug-in\deliveryprocesses\Ciclo de Vida en V_2ADFEBFF.html]
Info: DeliveryProcess:Ciclo de Vida en V: 3226 mini seconds publishing element
Info: DeliveryProcess:Ciclo de Vida en V: 4969 mini seconds publishing process specific layout data
Info: Phase:FASE 0 - Configurar entorno de gestion: 289 mini seconds publishing element
Info: Phase:FasePlanificacion: 680 mini seconds publishing element
Info: Activity:Plan de Garantia de Calidad del Software: 468 mini seconds publishing element
Info: Activity:Plan de Gestion de la Configuracion del Software: 388 mini seconds publishing element
Info: Activity:Plan de Verificacion del Software: 341 mini seconds publishing element
Info: Activity:Plan de Validacion del Software: 176 mini seconds publishing element
Info: Activity:Plan de Mantenimiento del Software: 172 mini seconds publishing element
Info: Phase:FaseRequistos: 377 mini seconds publishing element
Info: : 1398 mini-second(s) publishing element Activity:especif[UNE-EN50128_plug-in\deliveryprocesses\especif_DD8EA3FC.html]
Info: Activity:especif: 1400 mini seconds publishing element
Info: Activity:especificacion ensayos: 168 mini seconds publishing element
Info: Activity:informeVerificacion: 162 mini seconds publishing element
Info: Phase:New Phase_2: 392 mini seconds publishing element
Info: Activity:Especificacion de la Arquitectura del Software: 140 mini seconds publishing element
Info: Activity:Especificacion del Diseno del Software: 147 mini seconds publishing element
Info: Activity:Especificacion de la Interfaz del Software: 182 mini seconds publishing element
Info: Activity:Especificacion de Ensayos de Integracion del Software: 148 mini seconds publishing element
Info: Activity:Especificacion de Ensayos de Integracion del Software/Hardware: 161 mini seconds publishing element
Info: Activity:Informe de Verficacion de Diseno y Arquitectura de Software: 157 mini seconds publishing element
Info: Phase:FaseDiseno: 184 mini seconds publishing element
Info: Activity:Especificacion de Diseno de los Componentes: 174 mini seconds publishing element
Info: Activity:Especificacion de Ensayos de los Componentes: 217 mini seconds publishing element
Info: Activity:Informe de Verificacion del Diseno de los Componentes Software: 136 mini seconds publishing element
Info: Phase:FaseImplementacion: 180 mini seconds publishing element
Info: Activity:Codigo Fuente del Software y Documentacion de Apoyo: 134 mini seconds publishing element
Info: Phase:FaseEnsayos: 211 mini seconds publishing element
Info: Activity:Informe de Ensayos de los Componentes Software: 146 mini seconds publishing element
Info: Activity:Informe de Verificacion del Codigo Fuente del Software: 133 mini seconds publishing element
Info: Phase:FaseIntegracion: 160 mini seconds publishing element
Info: Activity:Informe de Ensayos de Integracion del Software: 141 mini seconds publishing element
Info: Activity:Informe de Ensayos de Integracion del Software/Hardware: 140 mini seconds publishing element
Info: Activity:Informe de Verificacion de la Integracion del Software: 146 mini seconds publishing element
Info: Phase:FaseValidacion: 148 mini seconds publishing element
Info: Activity:Informe de Ensayos del Software en Conjunto: 133 mini seconds publishing element
Info: Activity:Informe de Validacion del Software : 130 mini seconds publishing element
Info: Phase:FaseMantenimiento: 140 mini seconds publishing element
Info: Activity:Registros de Mantenimiento del Software: 147 mini seconds publishing element
Info: Activity:Registros de Modificaciones del Software: 130 mini seconds publishing element
Info: Phase:FaseEvaluacion: 138 mini seconds publishing element
Info: Activity:Plan de Evaluacion del Software: 128 mini seconds publishing element
Info: Activity:Informe de Evaluacion del Software: 131 mini seconds publishing element
Info: RoleSet:roles: 34 mini seconds publishing element
Info: Role:Disenador (DES): 101 mini seconds publishing element
Info: Role:Encargado de los ensayos (TST): 110 mini seconds publishing element
Info: Role:Evaluador (ASR): 72 mini seconds publishing element
Info: Role:Gestor de Configuracion: 77 mini seconds publishing element
Info: Role:Gestor de requisitos (RQM): 122 mini seconds publishing element
Info: Role:Implementador (IMP): 96 mini seconds publishing element
Info: Role:Integrador (INT): 84 mini seconds publishing element
Info: Role:Jefe de proyecto (PM): 104 mini seconds publishing element
Info: Role:Validador (VAL): 97 mini seconds publishing element
Info: Role:Verificador (VER): 140 mini seconds publishing element
Info: WorkProductType:productos: 36 mini seconds publishing element
Info: Artifact:Informe de Verificacion de Garantia de Calidad del Software: 39 mini seconds publishing element
Info: Artifact:Plan de Garantia de Calidad del Software: 35 mini seconds publishing element
Info: Artifact:Especificacin_de_requisitos_software_ERS: 38 mini seconds publishing element
Info: Artifact:Especificacin_de_ensayos_del_software_en_conjunto_ESC: 33 mini seconds publishing element
Info: Artifact:Informe_de_validacin_y_verificacin_de_los_requisitos_del_software_VRS: 45 mini seconds publishing element
Info: Discipline:Tareas: 29 mini seconds publishing element
Info: Discipline:planificacion: 24 mini seconds publishing element
Info: Task:Redactar Plan de Garantia de Calidad del Software: 120 mini seconds publishing element
Info: Task:Redactar Informe de Verificacion de Garantia de Calidad del Software: 27 mini seconds publishing element
Info: Task:Especificar el Plan de verificación del software: 412 mini-seconds referencing external URL: https://drive.google.com/open?id=1_tMhFV-3X4EB-FZvxy4Kk13af84ixvpERnQN5YKPQfY
Info: Task:Especificar el Plan de verificación del software: 536 mini seconds publishing element
Info: Discipline:requerimientos: 35 mini seconds publishing element
Info: Task:obtencion_de_requisitos: 405 mini-seconds referencing external URL: https://docs.google.com/document/d/1RjD0ShtcEjmbxT75fKRufKyuPdG_QBBfx3XmEek9KzA/edit#heading=h.ca32993wjl6i
Info: Task:obtencion_de_requisitos: 512 mini seconds publishing element
Info: Task:especificacin_de_requisitos: 131 mini seconds publishing element
Info: Task:verificacin_de_requisitos: 105 mini seconds publishing element
Info: Discipline:entorno: 19 mini seconds publishing element
Info: Task:Construir el entorno de gestión colaborativa del proyecto: 488 mini seconds publishing element
Info: Discipline:guias: 171 mini seconds publishing element
Info: Checklist:A5 Verificación y Ensayos: 59 mini seconds publishing element
Info: Checklist:A6 Integración: 37 mini seconds publishing element
Info: Checklist:A7 Ensayos de Software en Conjunto: 40 mini seconds publishing element
Info: Guideline:Estructura SIL 0: 30 mini seconds publishing element
Info: Guideline:Estructura SIL 1-2: 28 mini seconds publishing element
Info: Guideline:Estructura SIL 3-4: 28 mini seconds publishing element
Info: Guideline:Guía de Calibración de Multímetro digital: 28 mini seconds publishing element
Info: Guideline:Guía para Prototipado y Animación: 26 mini seconds publishing element
Info: Guideline:Guía para el Análisis Dinámico: 45 mini seconds publishing element
Info: Guideline:Guía para el Análisis Estático: 49 mini seconds publishing element
Info: Guideline:Guía para el Análisis de Flujo de Control: 23 mini seconds publishing element
Info: Guideline:Guía para el Análisis de Flujo de Datos: 24 mini seconds publishing element
Info: Guideline:Guía para el Análisis de Valor Límite y Clases de Equivalencia: 32 mini seconds publishing element
Info: Guideline:Guía para el Modelado de las Prestaciones: 27 mini seconds publishing element
Info: Guideline:Guía para la Cobertura de Ensayos para el Código: 34 mini seconds publishing element
Info: Guideline:Guía para los Ensayos Funcionales y de Caja Negra: 29 mini seconds publishing element
Info: Guideline:Guía para la Ejecución de Ensayos a partir de Diagramas de Causa Efecto: 24 mini seconds publishing element
Info: Guideline:Guía para la Revisión del Diseño: 21 mini seconds publishing element
Info: Guideline:Guía para la Simulación de Procesos: 26 mini seconds publishing element
Info: Guideline:Guía para la Verificación del cumplimiento de los Requisitos de las Prestaciones: 22 mini seconds publishing element
Info: Guideline:Guía para los Ensayos basados en la Estructura: 22 mini seconds publishing element
Info: Guideline:Guía para los Ensayos basados en la Inserción de Errores: 24 mini seconds publishing element
Info: Guideline:Guía para los Ensayos basados en la Suposición de Errores: 1101 mini-seconds referencing external URL: https://www.sei.cmu.edu/downloads/sei-cert-c-coding-standard-2016-v01.pdf
Info: : 1130 mini-second(s) publishing element Guideline:Guía para los Ensayos basados en la Suposición de Errores[UNE-EN50128_plug-in\guidances\guidelines\Guía para los Ensayos basados en la Suposición de Errores_4286070D.html]
Info: Guideline:Guía para los Ensayos basados en la Suposición de Errores: 1133 mini seconds publishing element
Info: Guideline:Guía para los Ensayos de Avalancha y de Sobrecarga: 21 mini seconds publishing element
Info: Guideline:Guía para los Ensayos de Prestaciones: 49 mini seconds publishing element
Info: Guideline:Guía para los Ensayos de Tiempo de Respuesta y Memoria: 23 mini seconds publishing element
Info: Guideline:Guía para realizar una Lista de Comprobación: 25 mini seconds publishing element
Info: Checklist:checklist_SIL_0: 55 mini seconds publishing element
Info: Checklist:checklist_SIL_1-2: 45 mini seconds publishing element
Info: Checklist:checklist_SIL_3-4: 51 mini seconds publishing element
Info: TaskDescriptor:Construir el entorno de gestión colaborativa del proyecto: 22 mini seconds publishing element
Info: TaskDescriptor:Redactar Plan de Garantia de Calidad del Software: 46 mini seconds publishing element
Info: TaskDescriptor:Redactar Informe de Verificacion de Garantia de Calidad del Software: 11 mini seconds publishing element
Info: TaskDescriptor:Especificar el Plan de verificación del software: 18 mini seconds publishing element
Info: TaskDescriptor:obtencion_de_requisitos: 27 mini seconds publishing element
Info: TaskDescriptor:especificacin_de_requisitos: 37 mini seconds publishing element
Info: TaskDescriptor:verificacin_de_requisitos: 45 mini seconds publishing element
Info: RoleDescriptor:Disenador (DES): 11 mini seconds publishing element
Info: RoleDescriptor:Encargado de los ensayos (TST): 12 mini seconds publishing element
Info: RoleDescriptor:Evaluador (ASR): 19 mini seconds publishing element
Info: RoleDescriptor:Gestor de Configuracion: 13 mini seconds publishing element
Info: RoleDescriptor:Gestor de requisitos (RQM): 12 mini seconds publishing element
Info: RoleDescriptor:Implementador (IMP): 10 mini seconds publishing element
Info: RoleDescriptor:Integrador (INT): 13 mini seconds publishing element
Info: RoleDescriptor:Jefe de proyecto (PM): 13 mini seconds publishing element
Info: RoleDescriptor:Validador (VAL): 13 mini seconds publishing element
Info: RoleDescriptor:Verificador (VER): 12 mini seconds publishing element
Info: WorkProductDescriptor:Especificacin_de_ensayos_del_software_en_conjunto_ESC: 17 mini seconds publishing element
Info: WorkProductDescriptor:Especificacin_de_requisitos_software_ERS: 25 mini seconds publishing element
Info: WorkProductDescriptor:Informe_de_validacin_y_verificacin_de_los_requisitos_del_software_VRS: 16 mini seconds publishing element
Info: WorkProductDescriptor:Informe de Verificacion de Garantia de Calidad del Software: 12 mini seconds publishing element
Info: WorkProductDescriptor:Plan de Garantia de Calidad del Software: 17 mini seconds publishing element
Info: RoleDescriptor:Jefe de proyecto (PM): 11 mini seconds publishing element
Info: RoleDescriptor:Verificador (VER): 13 mini seconds publishing element
Info: WorkProductDescriptor:Plan de Garantia de Calidad del Software: 11 mini seconds publishing element
Info: RoleDescriptor:Verificador (VER): 14 mini seconds publishing element
Info: RoleDescriptor:Encargado de los ensayos (TST): 17 mini seconds publishing element
Info: RoleDescriptor:Gestor de requisitos (RQM): 21 mini seconds publishing element
Info: Template:Formulario - Plan de Garantia de Calidad del Software: 312 mini-seconds referencing external URL: https://drive.google.com/open?id=1890zVetJMwqghYxhl-EWT8xZ1Y27B4OyU5UD1yvHJpw
Info: Template:Formulario - Plan de Garantia de Calidad del Software: 365 mini seconds publishing element
Info: Template:Formulario - Especificacin_de_requisitos_software_-_proyecto_xx: 30 mini seconds publishing element
Info: Template:Formulario - Especificacin_de_ensayos_del_software_en_conjunto_-_proyecto_xx: 334 mini-seconds referencing external URL: https://docs.google.com/document/d/1ay0Ld0R4XCA6tVQoC0qJ8b1bxwHetnpelXd-cwm7M3k/edit?pli=1
Info: Template:Formulario - Especificacin_de_ensayos_del_software_en_conjunto_-_proyecto_xx: 354 mini seconds publishing element
Info: ToolMentor:Uso de Testlink para realizar ensayos: 54 mini seconds publishing element
Info: : Publishing time: 0 minutes 27 seconds
