Warning: Phase:FASE 0 - Configurar entorno de gestion: missing resource file './../../UNE-EN50128_plug-in/tasks/Construir el entorno de gesti&oacute;n colaborativa del proyecto_3FF85749.html'
Warning: Phase:FASE 0 - Configurar entorno de gestion: missing resource file './../../UNE-EN50128_plug-in/tasks/Construir el entorno de gesti&oacute;n colaborativa del proyecto_3FF85749.html'
Warning: Activity:Plan de Verificacion del Software: missing resource file './../../UNE-EN50128_plug-in/tasks/Especificar el Plan de verificaci&oacute;n del software_FEC98DE0.html'
Warning: Activity:Plan de Verificacion del Software: missing resource file './../../UNE-EN50128_plug-in/tasks/Especificar el Plan de verificaci&oacute;n del software_FEC98DE0.html'
Warning: Role:Jefe de proyecto (PM): missing resource file './../../UNE-EN50128_plug-in/tasks/Construir el entorno de gesti&oacute;n colaborativa del proyecto_3FF85749.html'
Warning: Role:Verificador (VER): missing resource file './../../UNE-EN50128_plug-in/tasks/Especificar el Plan de verificaci&oacute;n del software_FEC98DE0.html'
Warning: Task:Especificar el Plan de verificación del software: missing resource file './../../UNE-EN50128_plug-in/guidances/checklists/A5 Verificaci&oacute;n y Ensayos_94C4C5E0.html'
Warning: Task:Especificar el Plan de verificación del software: missing resource file './../../UNE-EN50128_plug-in/guidances/checklists/A6 Integraci&oacute;n_D5231110.html'
Warning: Task:Especificar el Plan de verificación del software: missing resource file './../../UNE-EN50128_plug-in/guidances/guidelines/Gu&iacute;a para el An&aacute;lisis Est&aacute;tico_7DB4EC3C.html'
Warning: Discipline:guias: missing resource file './../../UNE-EN50128_plug-in/guidances/checklists/A5 Verificaci&oacute;n y Ensayos_94C4C5E0.html'
Warning: Discipline:guias: missing resource file './../../UNE-EN50128_plug-in/guidances/checklists/A6 Integraci&oacute;n_D5231110.html'
Warning: Discipline:guias: missing resource file './../../UNE-EN50128_plug-in/guidances/guidelines/Gu&iacute;a de Calibraci&oacute;n de Mult&iacute;metro digital_9544C05.html'
Warning: Discipline:guias: missing resource file './../../UNE-EN50128_plug-in/guidances/guidelines/Gu&iacute;a para el An&aacute;lisis de Flujo de Control_C14F7142.html'
Warning: Discipline:guias: missing resource file './../../UNE-EN50128_plug-in/guidances/guidelines/Gu&iacute;a para el An&aacute;lisis de Flujo de Datos_20A38926.html'
Warning: Discipline:guias: missing resource file './../../UNE-EN50128_plug-in/guidances/guidelines/Gu&iacute;a para el An&aacute;lisis de Valor L&iacute;mite y Clases de Equivalencia_E2A1EF5C.html'
Warning: Discipline:guias: missing resource file './../../UNE-EN50128_plug-in/guidances/guidelines/Gu&iacute;a para el An&aacute;lisis Din&aacute;mico_E536920A.html'
Warning: Discipline:guias: missing resource file './../../UNE-EN50128_plug-in/guidances/guidelines/Gu&iacute;a para el An&aacute;lisis Est&aacute;tico_7DB4EC3C.html'
Warning: Discipline:guias: missing resource file './../../UNE-EN50128_plug-in/guidances/guidelines/Gu&iacute;a para el Modelado de las Prestaciones_2360571F.html'
Warning: Discipline:guias: missing resource file './../../UNE-EN50128_plug-in/guidances/guidelines/Gu&iacute;a para la Cobertura de Ensayos para el C&oacute;digo_B733C7B5.html'
Warning: Discipline:guias: missing resource file './../../UNE-EN50128_plug-in/guidances/guidelines/Gu&iacute;a para los Ensayos Funcionales y de Caja Negra_CB23219E.html'
Warning: Discipline:guias: missing resource file './../../UNE-EN50128_plug-in/guidances/guidelines/Gu&iacute;a para la Ejecuci&oacute;n de Ensayos a partir de Diagramas de Causa_5D281C93.html'
Warning: Discipline:guias: missing resource file './../../UNE-EN50128_plug-in/guidances/guidelines/Gu&iacute;a para la Revisi&oacute;n del Dise&ntilde;o_930ED1A0.html'
Warning: Discipline:guias: missing resource file './../../UNE-EN50128_plug-in/guidances/guidelines/Gu&iacute;a para la Simulaci&oacute;n de Procesos_C0C0665E.html'
Warning: Discipline:guias: missing resource file './../../UNE-EN50128_plug-in/guidances/guidelines/Gu&iacute;a para la Verificaci&oacute;n del cumplimiento de los Requisitos de _8E91784E.html'
Warning: Discipline:guias: missing resource file './../../UNE-EN50128_plug-in/guidances/guidelines/Gu&iacute;a para los Ensayos basados en la Estructura_D70E1FA9.html'
Warning: Discipline:guias: missing resource file './../../UNE-EN50128_plug-in/guidances/guidelines/Gu&iacute;a para los Ensayos basados en la Inserci&oacute;n de Errores_24C786D9.html'
Warning: Discipline:guias: missing resource file './../../UNE-EN50128_plug-in/guidances/guidelines/Gu&iacute;a para los Ensayos basados en la Suposici&oacute;n de Errores_4286070D.html'
Warning: Discipline:guias: missing resource file './../../UNE-EN50128_plug-in/guidances/guidelines/Gu&iacute;a para los Ensayos de Avalancha y de Sobrecarga_66C7BCE0.html'
Warning: Discipline:guias: missing resource file './../../UNE-EN50128_plug-in/guidances/guidelines/Gu&iacute;a para los Ensayos de Prestaciones_DEAB7B94.html'
Warning: Discipline:guias: missing resource file './../../UNE-EN50128_plug-in/guidances/guidelines/Gu&iacute;a para los Ensayos de Tiempo de Respuesta y Memoria_EF7E95E0.html'
Warning: Discipline:guias: missing resource file './../../UNE-EN50128_plug-in/guidances/guidelines/Gu&iacute;a para Prototipado y Animaci&oacute;n_ADB0EC59.html'
Warning: Discipline:guias: missing resource file './../../UNE-EN50128_plug-in/guidances/guidelines/Gu&iacute;a para realizar una Lista de Comprobaci&oacute;n_867C72C9.html'
Warning: Checklist:A5 Verificación y Ensayos: missing resource file './../../../UNE-EN50128_plug-in/tasks/Especificar el Plan de verificaci&oacute;n del software_FEC98DE0.html'
Warning: Checklist:A5 Verificación y Ensayos: missing resource file './../../../UNE-EN50128_plug-in/guidances/guidelines/Gu&iacute;a para el An&aacute;lisis Din&aacute;mico_E536920A.html'
Warning: Checklist:A5 Verificación y Ensayos: missing resource file './../../../UNE-EN50128_plug-in/guidances/guidelines/Gu&iacute;a para el An&aacute;lisis Est&aacute;tico_7DB4EC3C.html'
Warning: Checklist:A5 Verificación y Ensayos: missing resource file './../../../UNE-EN50128_plug-in/guidances/guidelines/Gu&iacute;a para la Cobertura de Ensayos para el C&oacute;digo_B733C7B5.html'
Warning: Checklist:A5 Verificación y Ensayos: missing resource file './../../../UNE-EN50128_plug-in/guidances/guidelines/Gu&iacute;a para los Ensayos Funcionales y de Caja Negra_CB23219E.html'
Warning: Checklist:A6 Integración: missing resource file './../../../UNE-EN50128_plug-in/tasks/Especificar el Plan de verificaci&oacute;n del software_FEC98DE0.html'
Warning: Checklist:A6 Integración: missing resource file './../../../UNE-EN50128_plug-in/guidances/guidelines/Gu&iacute;a para los Ensayos Funcionales y de Caja Negra_CB23219E.html'
Warning: Checklist:A6 Integración: missing resource file './../../../UNE-EN50128_plug-in/guidances/guidelines/Gu&iacute;a para los Ensayos de Prestaciones_DEAB7B94.html'
Warning: Checklist:A7 Ensayos de Software en Conjunto: missing resource file './../../../UNE-EN50128_plug-in/tasks/Especificar el Plan de verificaci&oacute;n del software_FEC98DE0.html'
Warning: Checklist:A7 Ensayos de Software en Conjunto: missing resource file './../../../UNE-EN50128_plug-in/guidances/guidelines/Gu&iacute;a para los Ensayos Funcionales y de Caja Negra_CB23219E.html'
Warning: Checklist:A7 Ensayos de Software en Conjunto: missing resource file './../../../UNE-EN50128_plug-in/guidances/guidelines/Gu&iacute;a para los Ensayos de Prestaciones_DEAB7B94.html'
Warning: Guideline:Guía para Prototipado y Animación: missing resource file './../../../UNE-EN50128_plug-in/guidances/guidelines/Gu&iacute;a para la Cobertura de Ensayos para el C&oacute;digo_B733C7B5.html'
Warning: Guideline:Guía para el Análisis Dinámico: missing resource file './../../../UNE-EN50128_plug-in/guidances/checklists/A5 Verificaci&oacute;n y Ensayos_94C4C5E0.html'
Warning: Guideline:Guía para el Análisis Dinámico: missing resource file './../../../UNE-EN50128_plug-in/guidances/guidelines/Gu&iacute;a para el An&aacute;lisis de Valor L&iacute;mite y Clases de Equivalencia_E2A1EF5C.html'
Warning: Guideline:Guía para el Análisis Dinámico: missing resource file './../../../UNE-EN50128_plug-in/guidances/guidelines/Gu&iacute;a para el Modelado de las Prestaciones_2360571F.html'
Warning: Guideline:Guía para el Análisis Dinámico: missing resource file './../../../UNE-EN50128_plug-in/guidances/guidelines/Gu&iacute;a para los Ensayos basados en la Estructura_D70E1FA9.html'
Warning: Guideline:Guía para el Análisis Dinámico: missing resource file './../../../UNE-EN50128_plug-in/guidances/guidelines/Gu&iacute;a para los Ensayos basados en la Inserci&oacute;n de Errores_24C786D9.html'
Warning: Guideline:Guía para el Análisis Dinámico: missing resource file './../../../UNE-EN50128_plug-in/guidances/guidelines/Gu&iacute;a para los Ensayos basados en la Suposici&oacute;n de Errores_4286070D.html'
Warning: Guideline:Guía para el Análisis Estático: missing resource file './../../../UNE-EN50128_plug-in/guidances/checklists/A5 Verificaci&oacute;n y Ensayos_94C4C5E0.html'
Warning: Guideline:Guía para el Análisis Estático: missing resource file './../../../UNE-EN50128_plug-in/tasks/Especificar el Plan de verificaci&oacute;n del software_FEC98DE0.html'
Warning: Guideline:Guía para el Análisis Estático: missing resource file './../../../UNE-EN50128_plug-in/guidances/guidelines/Gu&iacute;a para el An&aacute;lisis de Flujo de Control_C14F7142.html'
Warning: Guideline:Guía para el Análisis Estático: missing resource file './../../../UNE-EN50128_plug-in/guidances/guidelines/Gu&iacute;a para el An&aacute;lisis de Flujo de Datos_20A38926.html'
Warning: Guideline:Guía para el Análisis Estático: missing resource file './../../../UNE-EN50128_plug-in/guidances/guidelines/Gu&iacute;a para el An&aacute;lisis de Valor L&iacute;mite y Clases de Equivalencia_E2A1EF5C.html'
Warning: Guideline:Guía para el Análisis Estático: missing resource file './../../../UNE-EN50128_plug-in/guidances/guidelines/Gu&iacute;a para la Revisi&oacute;n del Dise&ntilde;o_930ED1A0.html'
Warning: Guideline:Guía para el Análisis Estático: missing resource file './../../../UNE-EN50128_plug-in/guidances/guidelines/Gu&iacute;a para los Ensayos basados en la Suposici&oacute;n de Errores_4286070D.html'
Warning: Guideline:Guía para el Análisis Estático: missing resource file './../../../UNE-EN50128_plug-in/guidances/guidelines/Gu&iacute;a para realizar una Lista de Comprobaci&oacute;n_867C72C9.html'
Warning: Guideline:Guía para el Análisis de Flujo de Control: missing resource file './../../../UNE-EN50128_plug-in/guidances/guidelines/Gu&iacute;a para el An&aacute;lisis Est&aacute;tico_7DB4EC3C.html'
Warning: Guideline:Guía para el Análisis de Flujo de Datos: missing resource file './../../../UNE-EN50128_plug-in/guidances/guidelines/Gu&iacute;a para el An&aacute;lisis Est&aacute;tico_7DB4EC3C.html'
Warning: Guideline:Guía para el Análisis de Valor Límite y Clases de Equivalencia: missing resource file './../../../UNE-EN50128_plug-in/guidances/guidelines/Gu&iacute;a para el An&aacute;lisis Din&aacute;mico_E536920A.html'
Warning: Guideline:Guía para el Análisis de Valor Límite y Clases de Equivalencia: missing resource file './../../../UNE-EN50128_plug-in/guidances/guidelines/Gu&iacute;a para el An&aacute;lisis Est&aacute;tico_7DB4EC3C.html'
Warning: Guideline:Guía para el Análisis de Valor Límite y Clases de Equivalencia: missing resource file './../../../UNE-EN50128_plug-in/guidances/guidelines/Gu&iacute;a para la Cobertura de Ensayos para el C&oacute;digo_B733C7B5.html'
Warning: Guideline:Guía para el Modelado de las Prestaciones: missing resource file './../../../UNE-EN50128_plug-in/guidances/guidelines/Gu&iacute;a para el An&aacute;lisis Din&aacute;mico_E536920A.html'
Warning: Guideline:Guía para la Cobertura de Ensayos para el Código: missing resource file './../../../UNE-EN50128_plug-in/guidances/checklists/A5 Verificaci&oacute;n y Ensayos_94C4C5E0.html'
Warning: Guideline:Guía para la Cobertura de Ensayos para el Código: missing resource file './../../../UNE-EN50128_plug-in/guidances/guidelines/Gu&iacute;a para el An&aacute;lisis de Valor L&iacute;mite y Clases de Equivalencia_E2A1EF5C.html'
Warning: Guideline:Guía para la Cobertura de Ensayos para el Código: missing resource file './../../../UNE-EN50128_plug-in/guidances/guidelines/Gu&iacute;a para la Ejecuci&oacute;n de Ensayos a partir de Diagramas de Causa_5D281C93.html'
Warning: Guideline:Guía para la Cobertura de Ensayos para el Código: missing resource file './../../../UNE-EN50128_plug-in/guidances/guidelines/Gu&iacute;a para la Simulaci&oacute;n de Procesos_C0C0665E.html'
Warning: Guideline:Guía para la Cobertura de Ensayos para el Código: missing resource file './../../../UNE-EN50128_plug-in/guidances/guidelines/Gu&iacute;a para Prototipado y Animaci&oacute;n_ADB0EC59.html'
Warning: Guideline:Guía para los Ensayos Funcionales y de Caja Negra: missing resource file './../../../UNE-EN50128_plug-in/guidances/checklists/A5 Verificaci&oacute;n y Ensayos_94C4C5E0.html'
Warning: Guideline:Guía para los Ensayos Funcionales y de Caja Negra: missing resource file './../../../UNE-EN50128_plug-in/guidances/checklists/A6 Integraci&oacute;n_D5231110.html'
Warning: Guideline:Guía para la Ejecución de Ensayos a partir de Diagramas de Causa Efecto: missing resource file './../../../UNE-EN50128_plug-in/guidances/guidelines/Gu&iacute;a para la Cobertura de Ensayos para el C&oacute;digo_B733C7B5.html'
Warning: Guideline:Guía para la Revisión del Diseño: missing resource file './../../../UNE-EN50128_plug-in/guidances/guidelines/Gu&iacute;a para el An&aacute;lisis Est&aacute;tico_7DB4EC3C.html'
Warning: Guideline:Guía para la Simulación de Procesos: missing resource file './../../../UNE-EN50128_plug-in/guidances/guidelines/Gu&iacute;a para la Cobertura de Ensayos para el C&oacute;digo_B733C7B5.html'
Warning: Guideline:Guía para la Verificación del cumplimiento de los Requisitos de las Prestaciones: missing resource file './../../../UNE-EN50128_plug-in/guidances/guidelines/Gu&iacute;a para los Ensayos de Prestaciones_DEAB7B94.html'
Warning: Guideline:Guía para los Ensayos basados en la Estructura: missing resource file './../../../UNE-EN50128_plug-in/guidances/guidelines/Gu&iacute;a para el An&aacute;lisis Din&aacute;mico_E536920A.html'
Warning: Guideline:Guía para los Ensayos basados en la Inserción de Errores: missing resource file './../../../UNE-EN50128_plug-in/guidances/guidelines/Gu&iacute;a para el An&aacute;lisis Din&aacute;mico_E536920A.html'
Warning: Guideline:Guía para los Ensayos basados en la Suposición de Errores: missing resource file './../../../UNE-EN50128_plug-in/guidances/guidelines/Gu&iacute;a para el An&aacute;lisis Din&aacute;mico_E536920A.html'
Warning: Guideline:Guía para los Ensayos basados en la Suposición de Errores: missing resource file './../../../UNE-EN50128_plug-in/guidances/guidelines/Gu&iacute;a para el An&aacute;lisis Est&aacute;tico_7DB4EC3C.html'
Warning: Guideline:Guía para los Ensayos de Avalancha y de Sobrecarga: missing resource file './../../../UNE-EN50128_plug-in/guidances/guidelines/Gu&iacute;a para los Ensayos de Prestaciones_DEAB7B94.html'
Warning: Guideline:Guía para los Ensayos de Prestaciones: missing resource file './../../../UNE-EN50128_plug-in/guidances/checklists/A6 Integraci&oacute;n_D5231110.html'
Warning: Guideline:Guía para los Ensayos de Prestaciones: missing resource file './../../../UNE-EN50128_plug-in/guidances/guidelines/Gu&iacute;a para la Verificaci&oacute;n del cumplimiento de los Requisitos de _8E91784E.html'
Warning: Guideline:Guía para los Ensayos de Prestaciones: missing resource file './../../../UNE-EN50128_plug-in/guidances/guidelines/Gu&iacute;a para los Ensayos de Avalancha y de Sobrecarga_66C7BCE0.html'
Warning: Guideline:Guía para los Ensayos de Prestaciones: missing resource file './../../../UNE-EN50128_plug-in/guidances/guidelines/Gu&iacute;a para los Ensayos de Tiempo de Respuesta y Memoria_EF7E95E0.html'
Warning: Guideline:Guía para los Ensayos de Tiempo de Respuesta y Memoria: missing resource file './../../../UNE-EN50128_plug-in/guidances/guidelines/Gu&iacute;a para los Ensayos de Prestaciones_DEAB7B94.html'
Warning: Guideline:Guía para realizar una Lista de Comprobación: missing resource file './../../../UNE-EN50128_plug-in/guidances/guidelines/Gu&iacute;a para el An&aacute;lisis Est&aacute;tico_7DB4EC3C.html'
